[2026-05-16 18:20:45] Запуск экспериментального модуля
[2026-05-16 18:20:45] === Начало полного цикла экспериментов ===
[2026-05-16 18:20:45] Запуск инфраструктуры через docker-compose...
[2026-05-16 18:20:45] Инфраструктура запущена (предполагается, что контейнеры уже работают).
[2026-05-16 18:20:45] Ожидание готовности сервисов...
[2026-05-16 18:20:45] Проверка порта 5432...
[2026-05-16 18:20:45] Порт 5432 доступен.
[2026-05-16 18:20:45] Проверка порта 9092...
[2026-05-16 18:20:45] Порт 9092 доступен.
[2026-05-16 18:20:45] Проверка порта 8083...
[2026-05-16 18:20:45] Порт 8083 доступен.
[2026-05-16 18:20:45] Проверка порта 9000...
[2026-05-16 18:20:45] Порт 9000 доступен.
[2026-05-16 18:20:45] Проверка порта 19120...
[2026-05-16 18:20:45] Порт 19120 доступен.
[2026-05-16 18:20:45] Проверка порта 8080...
[2026-05-16 18:20:45] Порт 8080 доступен.
[2026-05-16 18:20:45] Все сервисы готовы.
[2026-05-16 18:20:45] ============================================================
[2026-05-16 18:20:45] Запуск прогона: интенсивность=low, ширина=7 дней, повтор 1
[2026-05-16 18:20:45] Очистка состояния перед прогоном...
[2026-05-16 18:20:45] Удаление топика Kafka 'dbserver1.public.currency_rates'...
[2026-05-16 18:20:46] Удаление checkpoint файлов...
[2026-05-16 18:20:46] Очистка данных в MinIO (бакет iceberg-warehouse)...
[2026-05-16 18:20:46] Состояние очищено.
[2026-05-16 18:20:46] Запуск генератора: интенсивность=low (пауза=30с), ширина=7 дней (с 2026-01-01 по 2026-01-07)
[2026-05-16 18:20:46] Генератор записан во временный файл _gen_runner.py, запуск...
[2026-05-16 18:20:46] Генератор запущен (PID 31074)
[2026-05-16 18:20:46] Пауза 5 секунд для создания начальных данных...
[2026-05-16 18:20:51] Запуск потребителей...
[2026-05-16 18:20:51] CDC потребитель запущен (PID 31600), лог: experiments/logs/cdc_consumer.log
[2026-05-16 18:20:51] Batch потребитель запущен (PID 31601), лог: experiments/logs/batch_consumer.log
[2026-05-16 18:20:51] Запуск мониторинга ресурсов (docker stats), вывод в experiments/logs/docker_stats.jsonl
[2026-05-16 18:20:51] Мониторинг запущен (PID 31602)
[2026-05-16 18:20:51] Эксперимент продлится 1800 секунд...
[2026-05-16 18:50:51] Время эксперимента истекло, остановка процессов...
[2026-05-16 18:50:51] Остановка процесса PID=31074...
[2026-05-16 18:50:51] Процесс PID=31074 остановлен.
[2026-05-16 18:50:51] Остановка процесса PID=31600...
[2026-05-16 18:50:51] Процесс PID=31600 остановлен.
[2026-05-16 18:50:51] Остановка процесса PID=31601...
[2026-05-16 18:50:52] Процесс PID=31601 остановлен.
[2026-05-16 18:50:52] Остановка процесса PID=31602...
[2026-05-16 18:50:52] Процесс PID=31602 остановлен.
[2026-05-16 18:50:52] Все процессы остановлены, временный скрипт удалён.
[2026-05-16 18:50:52] Анализ логов и расчёт метрик...
[2026-05-16 18:50:52] Latency: CDC avg=2.44, batch avg=43.91
[2026-05-16 18:50:52] Throughput: CDC=0, batch=0
[2026-05-16 18:50:52] PG load: CPU avg=0%, IO rw=0
[2026-05-16 18:50:52] Storage: CDC=0 MB, batch=0 MB
[2026-05-16 18:50:52] Расчёт метрик завершён.
[2026-05-16 18:50:52] Сохранение результатов в experiments/results.csv
[2026-05-16 18:50:52] ============================================================
[2026-05-16 18:50:52] Запуск прогона: интенсивность=low, ширина=7 дней, повтор 2
[2026-05-16 18:50:52] Очистка состояния перед прогоном...
[2026-05-16 18:50:52] Удаление топика Kafka 'dbserver1.public.currency_rates'...
[2026-05-16 18:50:54] Удаление checkpoint файлов...
[2026-05-16 18:50:54] Очистка данных в MinIO (бакет iceberg-warehouse)...
[2026-05-16 18:50:54] Состояние очищено.
[2026-05-16 18:50:54] Запуск генератора: интенсивность=low (пауза=30с), ширина=7 дней (с 2026-01-01 по 2026-01-07)
[2026-05-16 18:50:54] Генератор записан во временный файл _gen_runner.py, запуск...
[2026-05-16 18:50:54] Генератор запущен (PID 17857)
[2026-05-16 18:50:54] Пауза 5 секунд для создания начальных данных...
[2026-05-16 18:50:59] Запуск потребителей...
[2026-05-16 18:50:59] CDC потребитель запущен (PID 17859), лог: experiments/logs/cdc_consumer.log
[2026-05-16 18:50:59] Batch потребитель запущен (PID 17860), лог: experiments/logs/batch_consumer.log
[2026-05-16 18:50:59] Запуск мониторинга ресурсов (docker stats), вывод в experiments/logs/docker_stats.jsonl
[2026-05-16 18:50:59] Мониторинг запущен (PID 17861)
[2026-05-16 18:50:59] Эксперимент продлится 1800 секунд...
[2026-05-16 19:20:59] Время эксперимента истекло, остановка процессов...
[2026-05-16 19:20:59] Остановка процесса PID=17857...
[2026-05-16 19:20:59] Процесс PID=17857 остановлен.
[2026-05-16 19:20:59] Остановка процесса PID=17859...
[2026-05-16 19:20:59] Процесс PID=17859 остановлен.
[2026-05-16 19:20:59] Остановка процесса PID=17860...
[2026-05-16 19:20:59] Процесс PID=17860 остановлен.
[2026-05-16 19:20:59] Остановка процесса PID=17861...
[2026-05-16 19:20:59] Процесс PID=17861 остановлен.
[2026-05-16 19:20:59] Все процессы остановлены, временный скрипт удалён.
[2026-05-16 19:20:59] Анализ логов и расчёт метрик...
[2026-05-16 19:20:59] Latency: CDC avg=3.27, batch avg=33.68
[2026-05-16 19:20:59] Throughput: CDC=0, batch=0
[2026-05-16 19:20:59] PG load: CPU avg=0%, IO rw=0
[2026-05-16 19:20:59] Storage: CDC=0 MB, batch=0 MB
[2026-05-16 19:20:59] Расчёт метрик завершён.
[2026-05-16 19:20:59] Сохранение результатов в experiments/results.csv
[2026-05-16 19:20:59] ============================================================
[2026-05-16 19:20:59] Запуск прогона: интенсивность=low, ширина=7 дней, повтор 3
[2026-05-16 19:20:59] Очистка состояния перед прогоном...
[2026-05-16 19:20:59] Удаление топика Kafka 'dbserver1.public.currency_rates'...
[2026-05-16 19:21:01] Удаление checkpoint файлов...
[2026-05-16 19:21:01] Очистка данных в MinIO (бакет iceberg-warehouse)...
[2026-05-16 19:21:01] Состояние очищено.
[2026-05-16 19:21:01] Запуск генератора: интенсивность=low (пауза=30с), ширина=7 дней (с 2026-01-01 по 2026-01-07)
[2026-05-16 19:21:01] Генератор записан во временный файл _gen_runner.py, запуск...
[2026-05-16 19:21:01] Генератор запущен (PID 93342)
[2026-05-16 19:21:01] Пауза 5 секунд для создания начальных данных...
[2026-05-16 19:21:06] Запуск потребителей...
[2026-05-16 19:21:06] CDC потребитель запущен (PID 93345), лог: experiments/logs/cdc_consumer.log
[2026-05-16 19:21:06] Batch потребитель запущен (PID 93346), лог: experiments/logs/batch_consumer.log
[2026-05-16 19:21:06] Запуск мониторинга ресурсов (docker stats), вывод в experiments/logs/docker_stats.jsonl
[2026-05-16 19:21:06] Мониторинг запущен (PID 93347)
[2026-05-16 19:21:06] Эксперимент продлится 1800 секунд...
[2026-05-16 19:51:06] Время эксперимента истекло, остановка процессов...
[2026-05-16 19:51:06] Остановка процесса PID=93342...
[2026-05-16 19:51:06] Процесс PID=93342 остановлен.
[2026-05-16 19:51:06] Остановка процесса PID=93345...
[2026-05-16 19:51:06] Процесс PID=93345 остановлен.
[2026-05-16 19:51:06] Остановка процесса PID=93346...
[2026-05-16 19:51:07] Процесс PID=93346 остановлен.
[2026-05-16 19:51:07] Остановка процесса PID=93347...
[2026-05-16 19:51:07] Процесс PID=93347 остановлен.
[2026-05-16 19:51:07] Все процессы остановлены, временный скрипт удалён.
[2026-05-16 19:51:07] Анализ логов и расчёт метрик...
[2026-05-16 19:51:07] Latency: CDC avg=2.11, batch avg=34.93
[2026-05-16 19:51:07] Throughput: CDC=0, batch=0
[2026-05-16 19:51:07] PG load: CPU avg=0%, IO rw=0
[2026-05-16 19:51:07] Storage: CDC=0 MB, batch=0 MB
[2026-05-16 19:51:07] Расчёт метрик завершён.
[2026-05-16 19:51:07] Сохранение результатов в experiments/results.csv
[2026-05-16 19:51:07] ============================================================
[2026-05-16 19:51:07] Запуск прогона: интенсивность=low, ширина=30 дней, повтор 1
[2026-05-16 19:51:07] Очистка состояния перед прогоном...
[2026-05-16 19:51:07] Удаление топика Kafka 'dbserver1.public.currency_rates'...
[2026-05-16 19:51:08] Удаление checkpoint файлов...
[2026-05-16 19:51:08] Очистка данных в MinIO (бакет iceberg-warehouse)...
[2026-05-16 19:51:08] Состояние очищено.
[2026-05-16 19:51:08] Запуск генератора: интенсивность=low (пауза=30с), ширина=30 дней (с 2026-01-01 по 2026-01-30)
[2026-05-16 19:51:08] Генератор записан во временный файл _gen_runner.py, запуск...
[2026-05-16 19:51:08] Генератор запущен (PID 74637)
[2026-05-16 19:51:08] Пауза 5 секунд для создания начальных данных...
[2026-05-16 19:51:13] Запуск потребителей...
[2026-05-16 19:51:13] CDC потребитель запущен (PID 75038), лог: experiments/logs/cdc_consumer.log
[2026-05-16 19:51:13] Batch потребитель запущен (PID 75039), лог: experiments/logs/batch_consumer.log
[2026-05-16 19:51:13] Запуск мониторинга ресурсов (docker stats), вывод в experiments/logs/docker_stats.jsonl
[2026-05-16 19:51:13] Мониторинг запущен (PID 75040)
[2026-05-16 19:51:13] Эксперимент продлится 1800 секунд...
[2026-05-16 20:21:13] Время эксперимента истекло, остановка процессов...
[2026-05-16 20:21:13] Остановка процесса PID=74637...
[2026-05-16 20:21:13] Процесс PID=74637 остановлен.
[2026-05-16 20:21:13] Остановка процесса PID=75038...
[2026-05-16 20:21:14] Процесс PID=75038 остановлен.
[2026-05-16 20:21:14] Остановка процесса PID=75039...
[2026-05-16 20:21:15] Процесс PID=75039 остановлен.
[2026-05-16 20:21:15] Остановка процесса PID=75040...
[2026-05-16 20:21:15] Процесс PID=75040 остановлен.
[2026-05-16 20:21:15] Все процессы остановлены, временный скрипт удалён.
[2026-05-16 20:21:15] Анализ логов и расчёт метрик...
[2026-05-16 20:21:15] Latency: CDC avg=1.78, batch avg=34.65
[2026-05-16 20:21:15] Throughput: CDC=0, batch=0
[2026-05-16 20:21:15] PG load: CPU avg=0%, IO rw=0
[2026-05-16 20:21:15] Storage: CDC=0 MB, batch=0 MB
[2026-05-16 20:21:15] Расчёт метрик завершён.
[2026-05-16 20:21:15] Сохранение результатов в experiments/results.csv
[2026-05-16 20:21:15] ============================================================
[2026-05-16 20:21:15] Запуск прогона: интенсивность=low, ширина=30 дней, повтор 2
[2026-05-16 20:21:15] Очистка состояния перед прогоном...
[2026-05-16 20:21:15] Удаление топика Kafka 'dbserver1.public.currency_rates'...
[2026-05-16 20:21:16] Удаление checkpoint файлов...
[2026-05-16 20:21:16] Очистка данных в MinIO (бакет iceberg-warehouse)...
[2026-05-16 20:21:16] Состояние очищено.
[2026-05-16 20:21:16] Запуск генератора: интенсивность=low (пауза=30с), ширина=30 дней (с 2026-01-01 по 2026-01-30)
[2026-05-16 20:21:16] Генератор записан во временный файл _gen_runner.py, запуск...
[2026-05-16 20:21:16] Генератор запущен (PID 52926)
[2026-05-16 20:21:16] Пауза 5 секунд для создания начальных данных...
[2026-05-16 20:21:21] Запуск потребителей...
[2026-05-16 20:21:21] CDC потребитель запущен (PID 53376), лог: experiments/logs/cdc_consumer.log
[2026-05-16 20:21:21] Batch потребитель запущен (PID 53377), лог: experiments/logs/batch_consumer.log
[2026-05-16 20:21:21] Запуск мониторинга ресурсов (docker stats), вывод в experiments/logs/docker_stats.jsonl
[2026-05-16 20:21:21] Мониторинг запущен (PID 53378)
[2026-05-16 20:21:21] Эксперимент продлится 1800 секунд...
[2026-05-16 20:51:21] Время эксперимента истекло, остановка процессов...
[2026-05-16 20:51:21] Остановка процесса PID=52926...
[2026-05-16 20:51:21] Процесс PID=52926 остановлен.
[2026-05-16 20:51:21] Остановка процесса PID=53376...
[2026-05-16 20:51:21] Процесс PID=53376 остановлен.
[2026-05-16 20:51:21] Остановка процесса PID=53377...
[2026-05-16 20:51:22] Процесс PID=53377 остановлен.
[2026-05-16 20:51:22] Остановка процесса PID=53378...
[2026-05-16 20:51:22] Процесс PID=53378 остановлен.
[2026-05-16 20:51:22] Все процессы остановлены, временный скрипт удалён.
[2026-05-16 20:51:22] Анализ логов и расчёт метрик...
[2026-05-16 20:51:22] Latency: CDC avg=3.21, batch avg=31.23
[2026-05-16 20:51:22] Throughput: CDC=0, batch=0
[2026-05-16 20:51:22] PG load: CPU avg=0%, IO rw=0
[2026-05-16 20:51:22] Storage: CDC=0 MB, batch=0 MB
[2026-05-16 20:51:22] Расчёт метрик завершён.
[2026-05-16 20:51:22] Сохранение результатов в experiments/results.csv
[2026-05-16 20:51:22] ============================================================
[2026-05-16 20:51:22] Запуск прогона: интенсивность=low, ширина=30 дней, повтор 3
[2026-05-16 20:51:22] Очистка состояния перед прогоном...
[2026-05-16 20:51:22] Удаление топика Kafka 'dbserver1.public.currency_rates'...
[2026-05-16 20:51:23] Удаление checkpoint файлов...
[2026-05-16 20:51:23] Очистка данных в MinIO (бакет iceberg-warehouse)...
[2026-05-16 20:51:23] Состояние очищено.
[2026-05-16 20:51:23] Запуск генератора: интенсивность=low (пауза=30с), ширина=30 дней (с 2026-01-01 по 2026-01-30)
[2026-05-16 20:51:23] Генератор записан во временный файл _gen_runner.py, запуск...
[2026-05-16 20:51:24] Генератор запущен (PID 36169)
[2026-05-16 20:51:24] Пауза 5 секунд для создания начальных данных...
[2026-05-16 20:51:29] Запуск потребителей...
[2026-05-16 20:51:29] CDC потребитель запущен (PID 36170), лог: experiments/logs/cdc_consumer.log
[2026-05-16 20:51:29] Batch потребитель запущен (PID 36171), лог: experiments/logs/batch_consumer.log
[2026-05-16 20:51:29] Запуск мониторинга ресурсов (docker stats), вывод в experiments/logs/docker_stats.jsonl
[2026-05-16 20:51:29] Мониторинг запущен (PID 36172)
[2026-05-16 20:51:29] Эксперимент продлится 1800 секунд...
[2026-05-16 21:21:29] Время эксперимента истекло, остановка процессов...
[2026-05-16 21:21:29] Остановка процесса PID=36169...
[2026-05-16 21:21:29] Процесс PID=36169 остановлен.
[2026-05-16 21:21:29] Остановка процесса PID=36170...
[2026-05-16 21:21:29] Процесс PID=36170 остановлен.
[2026-05-16 21:21:29] Остановка процесса PID=36171...
[2026-05-16 21:21:29] Процесс PID=36171 остановлен.
[2026-05-16 21:21:29] Остановка процесса PID=36172...
[2026-05-16 21:21:29] Процесс PID=36172 остановлен.
[2026-05-16 21:21:29] Все процессы остановлены, временный скрипт удалён.
[2026-05-16 21:21:29] Анализ логов и расчёт метрик...
[2026-05-16 21:21:29] Latency: CDC avg=1.56, batch avg=34.40
[2026-05-16 21:21:29] Throughput: CDC=0, batch=0
[2026-05-16 21:21:29] PG load: CPU avg=0%, IO rw=0
[2026-05-16 21:21:29] Storage: CDC=0 MB, batch=0 MB
[2026-05-16 21:21:29] Расчёт метрик завершён.
[2026-05-16 21:21:29] Сохранение результатов в experiments/results.csv
[2026-05-16 21:21:29] ============================================================
[2026-05-16 21:21:29] Запуск прогона: интенсивность=low, ширина=90 дней, повтор 1
[2026-05-16 21:21:29] Очистка состояния перед прогоном...
[2026-05-16 21:21:29] Удаление топика Kafka 'dbserver1.public.currency_rates'...
[2026-05-16 21:21:31] Удаление checkpoint файлов...
[2026-05-16 21:21:31] Очистка данных в MinIO (бакет iceberg-warehouse)...
[2026-05-16 21:21:31] Состояние очищено.
[2026-05-16 21:21:31] Запуск генератора: интенсивность=low (пауза=30с), ширина=90 дней (с 2026-01-01 по 2026-03-31)
[2026-05-16 21:21:31] Генератор записан во временный файл _gen_runner.py, запуск...
[2026-05-16 21:21:31] Генератор запущен (PID 20042)
[2026-05-16 21:21:31] Пауза 5 секунд для создания начальных данных...
[2026-05-16 21:21:36] Запуск потребителей...
[2026-05-16 21:21:36] CDC потребитель запущен (PID 20116), лог: experiments/logs/cdc_consumer.log
[2026-05-16 21:21:36] Batch потребитель запущен (PID 20117), лог: experiments/logs/batch_consumer.log
[2026-05-16 21:21:36] Запуск мониторинга ресурсов (docker stats), вывод в experiments/logs/docker_stats.jsonl
[2026-05-16 21:21:36] Мониторинг запущен (PID 20118)
[2026-05-16 21:21:36] Эксперимент продлится 1800 секунд...
[2026-05-16 21:51:36] Время эксперимента истекло, остановка процессов...
[2026-05-16 21:51:36] Остановка процесса PID=20042...
[2026-05-16 21:51:36] Процесс PID=20042 остановлен.
[2026-05-16 21:51:36] Остановка процесса PID=20116...
[2026-05-16 21:51:36] Процесс PID=20116 остановлен.
[2026-05-16 21:51:36] Остановка процесса PID=20117...
[2026-05-16 21:51:36] Процесс PID=20117 остановлен.
[2026-05-16 21:51:36] Остановка процесса PID=20118...
[2026-05-16 21:51:36] Процесс PID=20118 остановлен.
[2026-05-16 21:51:36] Все процессы остановлены, временный скрипт удалён.
[2026-05-16 21:51:36] Анализ логов и расчёт метрик...
[2026-05-16 21:51:36] Latency: CDC avg=2.50, batch avg=29.07
[2026-05-16 21:51:36] Throughput: CDC=0, batch=0
[2026-05-16 21:51:36] PG load: CPU avg=0%, IO rw=0
[2026-05-16 21:51:36] Storage: CDC=0 MB, batch=0 MB
[2026-05-16 21:51:36] Расчёт метрик завершён.
[2026-05-16 21:51:36] Сохранение результатов в experiments/results.csv
[2026-05-16 21:51:36] ============================================================
[2026-05-16 21:51:36] Запуск прогона: интенсивность=low, ширина=90 дней, повтор 2
[2026-05-16 21:51:36] Очистка состояния перед прогоном...
[2026-05-16 21:51:36] Удаление топика Kafka 'dbserver1.public.currency_rates'...
[2026-05-16 21:51:38] Удаление checkpoint файлов...
[2026-05-16 21:51:38] Очистка данных в MinIO (бакет iceberg-warehouse)...
[2026-05-16 21:51:38] Состояние очищено.
[2026-05-16 21:51:38] Запуск генератора: интенсивность=low (пауза=30с), ширина=90 дней (с 2026-01-01 по 2026-03-31)
[2026-05-16 21:51:38] Генератор записан во временный файл _gen_runner.py, запуск...
[2026-05-16 21:51:38] Генератор запущен (PID 634)
[2026-05-16 21:51:38] Пауза 5 секунд для создания начальных данных...
[2026-05-16 21:51:43] Запуск потребителей...
[2026-05-16 21:51:43] CDC потребитель запущен (PID 1190), лог: experiments/logs/cdc_consumer.log
[2026-05-16 21:51:43] Batch потребитель запущен (PID 1191), лог: experiments/logs/batch_consumer.log
[2026-05-16 21:51:43] Запуск мониторинга ресурсов (docker stats), вывод в experiments/logs/docker_stats.jsonl
[2026-05-16 21:51:43] Мониторинг запущен (PID 1192)
[2026-05-16 21:51:43] Эксперимент продлится 1800 секунд...
[2026-05-16 22:21:43] Время эксперимента истекло, остановка процессов...
[2026-05-16 22:21:43] Остановка процесса PID=634...
[2026-05-16 22:21:43] Процесс PID=634 остановлен.
[2026-05-16 22:21:43] Остановка процесса PID=1190...
[2026-05-16 22:21:43] Процесс PID=1190 остановлен.
[2026-05-16 22:21:43] Остановка процесса PID=1191...
[2026-05-16 22:21:43] Процесс PID=1191 остановлен.
[2026-05-16 22:21:43] Остановка процесса PID=1192...
[2026-05-16 22:21:43] Процесс PID=1192 остановлен.
[2026-05-16 22:21:43] Все процессы остановлены, временный скрипт удалён.
[2026-05-16 22:21:43] Анализ логов и расчёт метрик...
[2026-05-16 22:21:43] Latency: CDC avg=1.61, batch avg=32.54
[2026-05-16 22:21:43] Throughput: CDC=0, batch=0
[2026-05-16 22:21:43] PG load: CPU avg=0%, IO rw=0
[2026-05-16 22:21:43] Storage: CDC=0 MB, batch=0 MB
[2026-05-16 22:21:43] Расчёт метрик завершён.
[2026-05-16 22:21:43] Сохранение результатов в experiments/results.csv
[2026-05-16 22:21:43] ============================================================
[2026-05-16 22:21:43] Запуск прогона: интенсивность=low, ширина=90 дней, повтор 3
[2026-05-16 22:21:43] Очистка состояния перед прогоном...
[2026-05-16 22:21:43] Удаление топика Kafka 'dbserver1.public.currency_rates'...
[2026-05-16 22:21:45] Удаление checkpoint файлов...
[2026-05-16 22:21:45] Очистка данных в MinIO (бакет iceberg-warehouse)...
[2026-05-16 22:21:45] Состояние очищено.
[2026-05-16 22:21:45] Запуск генератора: интенсивность=low (пауза=30с), ширина=90 дней (с 2026-01-01 по 2026-03-31)
[2026-05-16 22:21:45] Генератор записан во временный файл _gen_runner.py, запуск...
[2026-05-16 22:21:45] Генератор запущен (PID 92572)
[2026-05-16 22:21:45] Пауза 5 секунд для создания начальных данных...
[2026-05-16 22:21:50] Запуск потребителей...
[2026-05-16 22:21:50] CDC потребитель запущен (PID 92833), лог: experiments/logs/cdc_consumer.log
[2026-05-16 22:21:50] Batch потребитель запущен (PID 92834), лог: experiments/logs/batch_consumer.log
[2026-05-16 22:21:50] Запуск мониторинга ресурсов (docker stats), вывод в experiments/logs/docker_stats.jsonl
[2026-05-16 22:21:50] Мониторинг запущен (PID 92836)
[2026-05-16 22:21:50] Эксперимент продлится 1800 секунд...
[2026-05-16 22:51:50] Время эксперимента истекло, остановка процессов...
[2026-05-16 22:51:50] Остановка процесса PID=92572...
[2026-05-16 22:51:50] Процесс PID=92572 остановлен.
[2026-05-16 22:51:50] Остановка процесса PID=92833...
[2026-05-16 22:51:50] Процесс PID=92833 остановлен.
[2026-05-16 22:51:50] Остановка процесса PID=92834...
[2026-05-16 22:51:52] Процесс PID=92834 остановлен.
[2026-05-16 22:51:52] Остановка процесса PID=92836...
[2026-05-16 22:51:52] Процесс PID=92836 остановлен.
[2026-05-16 22:51:52] Все процессы остановлены, временный скрипт удалён.
[2026-05-16 22:51:52] Анализ логов и расчёт метрик...
[2026-05-16 22:51:52] Latency: CDC avg=2.68, batch avg=27.03
[2026-05-16 22:51:52] Throughput: CDC=0, batch=0
[2026-05-16 22:51:52] PG load: CPU avg=0%, IO rw=0
[2026-05-16 22:51:52] Storage: CDC=0 MB, batch=0 MB
[2026-05-16 22:51:52] Расчёт метрик завершён.
[2026-05-16 22:51:52] Сохранение результатов в experiments/results.csv
[2026-05-16 22:51:52] ============================================================
[2026-05-16 22:51:52] Запуск прогона: интенсивность=medium, ширина=7 дней, повтор 1
[2026-05-16 22:51:52] Очистка состояния перед прогоном...
[2026-05-16 22:51:52] Удаление топика Kafka 'dbserver1.public.currency_rates'...
[2026-05-16 22:51:54] Удаление checkpoint файлов...
[2026-05-16 22:51:54] Очистка данных в MinIO (бакет iceberg-warehouse)...
[2026-05-16 22:51:54] Состояние очищено.
[2026-05-16 22:51:54] Запуск генератора: интенсивность=medium (пауза=10с), ширина=7 дней (с 2026-01-01 по 2026-01-07)
[2026-05-16 22:51:54] Генератор записан во временный файл _gen_runner.py, запуск...
[2026-05-16 22:51:54] Генератор запущен (PID 83424)
[2026-05-16 22:51:54] Пауза 5 секунд для создания начальных данных...
[2026-05-16 22:51:59] Запуск потребителей...
[2026-05-16 22:51:59] CDC потребитель запущен (PID 83430), лог: experiments/logs/cdc_consumer.log
[2026-05-16 22:51:59] Batch потребитель запущен (PID 83431), лог: experiments/logs/batch_consumer.log
[2026-05-16 22:51:59] Запуск мониторинга ресурсов (docker stats), вывод в experiments/logs/docker_stats.jsonl
[2026-05-16 22:51:59] Мониторинг запущен (PID 83432)
[2026-05-16 22:51:59] Эксперимент продлится 1800 секунд...
[2026-05-16 23:21:59] Время эксперимента истекло, остановка процессов...
[2026-05-16 23:21:59] Остановка процесса PID=83424...
[2026-05-16 23:21:59] Процесс PID=83424 остановлен.
[2026-05-16 23:21:59] Остановка процесса PID=83430...
[2026-05-16 23:21:59] Процесс PID=83430 остановлен.
[2026-05-16 23:21:59] Остановка процесса PID=83431...
[2026-05-16 23:21:59] Процесс PID=83431 остановлен.
[2026-05-16 23:21:59] Остановка процесса PID=83432...
[2026-05-16 23:21:59] Процесс PID=83432 остановлен.
[2026-05-16 23:21:59] Все процессы остановлены, временный скрипт удалён.
[2026-05-16 23:21:59] Анализ логов и расчёт метрик...
[2026-05-16 23:21:59] Latency: CDC avg=2.29, batch avg=33.08
[2026-05-16 23:21:59] Throughput: CDC=0, batch=0
[2026-05-16 23:21:59] PG load: CPU avg=0%, IO rw=0
[2026-05-16 23:21:59] Storage: CDC=0 MB, batch=0 MB
[2026-05-16 23:21:59] Расчёт метрик завершён.
[2026-05-16 23:21:59] Сохранение результатов в experiments/results.csv
[2026-05-16 23:21:59] ============================================================
[2026-05-16 23:21:59] Запуск прогона: интенсивность=medium, ширина=7 дней, повтор 2
[2026-05-16 23:21:59] Очистка состояния перед прогоном...
[2026-05-16 23:21:59] Удаление топика Kafka 'dbserver1.public.currency_rates'...
[2026-05-16 23:22:01] Удаление checkpoint файлов...
[2026-05-16 23:22:01] Очистка данных в MinIO (бакет iceberg-warehouse)...
[2026-05-16 23:22:01] Состояние очищено.
[2026-05-16 23:22:01] Запуск генератора: интенсивность=medium (пауза=10с), ширина=7 дней (с 2026-01-01 по 2026-01-07)
[2026-05-16 23:22:01] Генератор записан во временный файл _gen_runner.py, запуск...
[2026-05-16 23:22:01] Генератор запущен (PID 81773)
[2026-05-16 23:22:01] Пауза 5 секунд для создания начальных данных...
[2026-05-16 23:22:06] Запуск потребителей...
[2026-05-16 23:22:06] CDC потребитель запущен (PID 81830), лог: experiments/logs/cdc_consumer.log
[2026-05-16 23:22:06] Batch потребитель запущен (PID 81831), лог: experiments/logs/batch_consumer.log
[2026-05-16 23:22:06] Запуск мониторинга ресурсов (docker stats), вывод в experiments/logs/docker_stats.jsonl
[2026-05-16 23:22:06] Мониторинг запущен (PID 81832)
[2026-05-16 23:22:06] Эксперимент продлится 1800 секунд...
[2026-05-16 23:52:06] Время эксперимента истекло, остановка процессов...
[2026-05-16 23:52:06] Остановка процесса PID=81773...
[2026-05-16 23:52:06] Процесс PID=81773 остановлен.
[2026-05-16 23:52:06] Остановка процесса PID=81830...
[2026-05-16 23:52:06] Процесс PID=81830 остановлен.
[2026-05-16 23:52:06] Остановка процесса PID=81831...
[2026-05-16 23:52:07] Процесс PID=81831 остановлен.
[2026-05-16 23:52:07] Остановка процесса PID=81832...
[2026-05-16 23:52:07] Процесс PID=81832 остановлен.
[2026-05-16 23:52:07] Все процессы остановлены, временный скрипт удалён.
[2026-05-16 23:52:07] Анализ логов и расчёт метрик...
[2026-05-16 23:52:07] Latency: CDC avg=3.33, batch avg=30.18
[2026-05-16 23:52:07] Throughput: CDC=0, batch=0
[2026-05-16 23:52:07] PG load: CPU avg=0%, IO rw=0
[2026-05-16 23:52:07] Storage: CDC=0 MB, batch=0 MB
[2026-05-16 23:52:07] Расчёт метрик завершён.
[2026-05-16 23:52:07] Сохранение результатов в experiments/results.csv
[2026-05-16 23:52:07] ============================================================
[2026-05-16 23:52:07] Запуск прогона: интенсивность=medium, ширина=7 дней, повтор 3
[2026-05-16 23:52:07] Очистка состояния перед прогоном...
[2026-05-16 23:52:07] Удаление топика Kafka 'dbserver1.public.currency_rates'...
[2026-05-16 23:52:09] Удаление checkpoint файлов...
[2026-05-16 23:52:09] Очистка данных в MinIO (бакет iceberg-warehouse)...
[2026-05-16 23:52:09] Состояние очищено.
[2026-05-16 23:52:09] Запуск генератора: интенсивность=medium (пауза=10с), ширина=7 дней (с 2026-01-01 по 2026-01-07)
[2026-05-16 23:52:09] Генератор записан во временный файл _gen_runner.py, запуск...
[2026-05-16 23:52:09] Генератор запущен (PID 80757)
[2026-05-16 23:52:09] Пауза 5 секунд для создания начальных данных...
[2026-05-16 23:52:14] Запуск потребителей...
[2026-05-16 23:52:14] CDC потребитель запущен (PID 81225), лог: experiments/logs/cdc_consumer.log
[2026-05-16 23:52:14] Batch потребитель запущен (PID 81226), лог: experiments/logs/batch_consumer.log
[2026-05-16 23:52:14] Запуск мониторинга ресурсов (docker stats), вывод в experiments/logs/docker_stats.jsonl
[2026-05-16 23:52:14] Мониторинг запущен (PID 81227)
[2026-05-16 23:52:14] Эксперимент продлится 1800 секунд...
[2026-05-17 00:22:14] Время эксперимента истекло, остановка процессов...
[2026-05-17 00:22:14] Остановка процесса PID=80757...
[2026-05-17 00:22:14] Процесс PID=80757 остановлен.
[2026-05-17 00:22:14] Остановка процесса PID=81225...
[2026-05-17 00:22:14] Процесс PID=81225 остановлен.
[2026-05-17 00:22:14] Остановка процесса PID=81226...
[2026-05-17 00:22:15] Процесс PID=81226 остановлен.
[2026-05-17 00:22:15] Остановка процесса PID=81227...
[2026-05-17 00:22:15] Процесс PID=81227 остановлен.
[2026-05-17 00:22:15] Все процессы остановлены, временный скрипт удалён.
[2026-05-17 00:22:15] Анализ логов и расчёт метрик...
[2026-05-17 00:22:15] Latency: CDC avg=1.77, batch avg=35.57
[2026-05-17 00:22:15] Throughput: CDC=0, batch=0
[2026-05-17 00:22:15] PG load: CPU avg=0%, IO rw=0
[2026-05-17 00:22:15] Storage: CDC=0 MB, batch=0 MB
[2026-05-17 00:22:15] Расчёт метрик завершён.
[2026-05-17 00:22:15] Сохранение результатов в experiments/results.csv
[2026-05-17 00:22:15] ============================================================
[2026-05-17 00:22:15] Запуск прогона: интенсивность=medium, ширина=30 дней, повтор 1
[2026-05-17 00:22:15] Очистка состояния перед прогоном...
[2026-05-17 00:22:15] Удаление топика Kafka 'dbserver1.public.currency_rates'...
[2026-05-17 00:22:16] Удаление checkpoint файлов...
[2026-05-17 00:22:16] Очистка данных в MinIO (бакет iceberg-warehouse)...
[2026-05-17 00:22:16] Состояние очищено.
[2026-05-17 00:22:16] Запуск генератора: интенсивность=medium (пауза=10с), ширина=30 дней (с 2026-01-01 по 2026-01-30)
[2026-05-17 00:22:17] Генератор записан во временный файл _gen_runner.py, запуск...
[2026-05-17 00:22:17] Генератор запущен (PID 71580)
[2026-05-17 00:22:17] Пауза 5 секунд для создания начальных данных...
[2026-05-17 00:22:22] Запуск потребителей...
[2026-05-17 00:22:22] CDC потребитель запущен (PID 72073), лог: experiments/logs/cdc_consumer.log
[2026-05-17 00:22:22] Batch потребитель запущен (PID 72074), лог: experiments/logs/batch_consumer.log
[2026-05-17 00:22:22] Запуск мониторинга ресурсов (docker stats), вывод в experiments/logs/docker_stats.jsonl
[2026-05-17 00:22:22] Мониторинг запущен (PID 72075)
[2026-05-17 00:22:22] Эксперимент продлится 1800 секунд...
[2026-05-17 00:52:22] Время эксперимента истекло, остановка процессов...
[2026-05-17 00:52:22] Остановка процесса PID=71580...
[2026-05-17 00:52:22] Процесс PID=71580 остановлен.
[2026-05-17 00:52:22] Остановка процесса PID=72073...
[2026-05-17 00:52:22] Процесс PID=72073 остановлен.
[2026-05-17 00:52:22] Остановка процесса PID=72074...
[2026-05-17 00:52:22] Процесс PID=72074 остановлен.
[2026-05-17 00:52:22] Остановка процесса PID=72075...
[2026-05-17 00:52:22] Процесс PID=72075 остановлен.
[2026-05-17 00:52:22] Все процессы остановлены, временный скрипт удалён.
[2026-05-17 00:52:22] Анализ логов и расчёт метрик...
[2026-05-17 00:52:22] Latency: CDC avg=3.48, batch avg=35.15
[2026-05-17 00:52:22] Throughput: CDC=0, batch=0
[2026-05-17 00:52:22] PG load: CPU avg=0%, IO rw=0
[2026-05-17 00:52:22] Storage: CDC=0 MB, batch=0 MB
[2026-05-17 00:52:22] Расчёт метрик завершён.
[2026-05-17 00:52:22] Сохранение результатов в experiments/results.csv
[2026-05-17 00:52:22] ============================================================
[2026-05-17 00:52:22] Запуск прогона: интенсивность=medium, ширина=30 дней, повтор 2
[2026-05-17 00:52:22] Очистка состояния перед прогоном...
[2026-05-17 00:52:22] Удаление топика Kafka 'dbserver1.public.currency_rates'...
[2026-05-17 00:52:24] Удаление checkpoint файлов...
[2026-05-17 00:52:24] Очистка данных в MinIO (бакет iceberg-warehouse)...
[2026-05-17 00:52:25] Состояние очищено.
[2026-05-17 00:52:25] Запуск генератора: интенсивность=medium (пауза=10с), ширина=30 дней (с 2026-01-01 по 2026-01-30)
[2026-05-17 00:52:25] Генератор записан во временный файл _gen_runner.py, запуск...
[2026-05-17 00:52:25] Генератор запущен (PID 77363)
[2026-05-17 00:52:25] Пауза 5 секунд для создания начальных данных...
[2026-05-17 00:52:30] Запуск потребителей...
[2026-05-17 00:52:30] CDC потребитель запущен (PID 77420), лог: experiments/logs/cdc_consumer.log
[2026-05-17 00:52:30] Batch потребитель запущен (PID 77424), лог: experiments/logs/batch_consumer.log
[2026-05-17 00:52:30] Запуск мониторинга ресурсов (docker stats), вывод в experiments/logs/docker_stats.jsonl
[2026-05-17 00:52:30] Мониторинг запущен (PID 77426)
[2026-05-17 00:52:30] Эксперимент продлится 1800 секунд...
[2026-05-17 01:22:30] Время эксперимента истекло, остановка процессов...
[2026-05-17 01:22:30] Остановка процесса PID=77363...
[2026-05-17 01:22:30] Процесс PID=77363 остановлен.
[2026-05-17 01:22:30] Остановка процесса PID=77420...
[2026-05-17 01:22:30] Процесс PID=77420 остановлен.
[2026-05-17 01:22:30] Остановка процесса PID=77424...
[2026-05-17 01:22:30] Процесс PID=77424 остановлен.
[2026-05-17 01:22:30] Остановка процесса PID=77426...
[2026-05-17 01:22:30] Процесс PID=77426 остановлен.
[2026-05-17 01:22:30] Все процессы остановлены, временный скрипт удалён.
[2026-05-17 01:22:30] Анализ логов и расчёт метрик...
[2026-05-17 01:22:30] Latency: CDC avg=2.05, batch avg=36.51
[2026-05-17 01:22:30] Throughput: CDC=0, batch=0
[2026-05-17 01:22:30] PG load: CPU avg=0%, IO rw=0
[2026-05-17 01:22:30] Storage: CDC=0 MB, batch=0 MB
[2026-05-17 01:22:30] Расчёт метрик завершён.
[2026-05-17 01:22:30] Сохранение результатов в experiments/results.csv
[2026-05-17 01:22:30] ============================================================
[2026-05-17 01:22:30] Запуск прогона: интенсивность=medium, ширина=30 дней, повтор 3
[2026-05-17 01:22:30] Очистка состояния перед прогоном...
[2026-05-17 01:22:30] Удаление топика Kafka 'dbserver1.public.currency_rates'...
[2026-05-17 01:22:32] Удаление checkpoint файлов...
[2026-05-17 01:22:32] Очистка данных в MinIO (бакет iceberg-warehouse)...
[2026-05-17 01:22:32] Состояние очищено.
[2026-05-17 01:22:32] Запуск генератора: интенсивность=medium (пауза=10с), ширина=30 дней (с 2026-01-01 по 2026-01-30)
[2026-05-17 01:22:32] Генератор записан во временный файл _gen_runner.py, запуск...
[2026-05-17 01:22:32] Генератор запущен (PID 73612)
[2026-05-17 01:22:32] Пауза 5 секунд для создания начальных данных...
[2026-05-17 01:22:37] Запуск потребителей...
[2026-05-17 01:22:37] CDC потребитель запущен (PID 73620), лог: experiments/logs/cdc_consumer.log
[2026-05-17 01:22:37] Batch потребитель запущен (PID 73621), лог: experiments/logs/batch_consumer.log
[2026-05-17 01:22:37] Запуск мониторинга ресурсов (docker stats), вывод в experiments/logs/docker_stats.jsonl
[2026-05-17 01:22:37] Мониторинг запущен (PID 73622)
[2026-05-17 01:22:37] Эксперимент продлится 1800 секунд...
[2026-05-17 01:52:37] Время эксперимента истекло, остановка процессов...
[2026-05-17 01:52:37] Остановка процесса PID=73612...
[2026-05-17 01:52:37] Процесс PID=73612 остановлен.
[2026-05-17 01:52:37] Остановка процесса PID=73620...
[2026-05-17 01:52:37] Процесс PID=73620 остановлен.
[2026-05-17 01:52:37] Остановка процесса PID=73621...
[2026-05-17 01:52:37] Процесс PID=73621 остановлен.
[2026-05-17 01:52:37] Остановка процесса PID=73622...
[2026-05-17 01:52:37] Процесс PID=73622 остановлен.
[2026-05-17 01:52:37] Все процессы остановлены, временный скрипт удалён.
[2026-05-17 01:52:37] Анализ логов и расчёт метрик...
[2026-05-17 01:52:37] Latency: CDC avg=1.63, batch avg=37.74
[2026-05-17 01:52:37] Throughput: CDC=0, batch=0
[2026-05-17 01:52:37] PG load: CPU avg=0%, IO rw=0
[2026-05-17 01:52:37] Storage: CDC=0 MB, batch=0 MB
[2026-05-17 01:52:37] Расчёт метрик завершён.
[2026-05-17 01:52:37] Сохранение результатов в experiments/results.csv
[2026-05-17 01:52:37] ============================================================
[2026-05-17 01:52:37] Запуск прогона: интенсивность=medium, ширина=90 дней, повтор 1
[2026-05-17 01:52:37] Очистка состояния перед прогоном...
[2026-05-17 01:52:37] Удаление топика Kafka 'dbserver1.public.currency_rates'...
[2026-05-17 01:52:38] Удаление checkpoint файлов...
[2026-05-17 01:52:38] Очистка данных в MinIO (бакет iceberg-warehouse)...
[2026-05-17 01:52:39] Состояние очищено.
[2026-05-17 01:52:39] Запуск генератора: интенсивность=medium (пауза=10с), ширина=90 дней (с 2026-01-01 по 2026-03-31)
[2026-05-17 01:52:39] Генератор записан во временный файл _gen_runner.py, запуск...
[2026-05-17 01:52:39] Генератор запущен (PID 55854)
[2026-05-17 01:52:39] Пауза 5 секунд для создания начальных данных...
[2026-05-17 01:52:44] Запуск потребителей...
[2026-05-17 01:52:44] CDC потребитель запущен (PID 56320), лог: experiments/logs/cdc_consumer.log
[2026-05-17 01:52:44] Batch потребитель запущен (PID 56321), лог: experiments/logs/batch_consumer.log
[2026-05-17 01:52:44] Запуск мониторинга ресурсов (docker stats), вывод в experiments/logs/docker_stats.jsonl
[2026-05-17 01:52:44] Мониторинг запущен (PID 56322)
[2026-05-17 01:52:44] Эксперимент продлится 1800 секунд...
[2026-05-17 02:15:06] Запуск экспериментального модуля
[2026-05-17 02:15:06] === Начало полного цикла экспериментов ===
[2026-05-17 02:15:06] Запуск инфраструктуры через docker-compose...
[2026-05-17 02:15:06] Инфраструктура запущена (предполагается, что контейнеры уже работают).
[2026-05-17 02:15:06] Ожидание готовности сервисов...
[2026-05-17 02:15:06] Проверка порта 5432...
[2026-05-17 02:15:06] Порт 5432 доступен.
[2026-05-17 02:15:06] Проверка порта 9092...
[2026-05-17 02:15:06] Порт 9092 доступен.
[2026-05-17 02:15:06] Проверка порта 8083...
[2026-05-17 02:15:06] Порт 8083 доступен.
[2026-05-17 02:15:06] Проверка порта 9000...
[2026-05-17 02:15:06] Порт 9000 доступен.
[2026-05-17 02:15:06] Проверка порта 19120...
[2026-05-17 02:15:06] Порт 19120 доступен.
[2026-05-17 02:15:06] Проверка порта 8080...
[2026-05-17 02:15:06] Порт 8080 доступен.
[2026-05-17 02:15:06] Все сервисы готовы.
[2026-05-17 02:15:06] ============================================================
[2026-05-17 02:15:06] Запуск прогона: интенсивность=high, ширина=7 дней, повтор 1
[2026-05-17 02:15:06] Очистка состояния перед прогоном...
[2026-05-17 02:15:06] Удаление топика Kafka 'dbserver1.public.currency_rates'...
[2026-05-17 02:15:07] Удаление checkpoint файлов...
[2026-05-17 02:15:07] Очистка данных в MinIO (бакет iceberg-warehouse)...
[2026-05-17 02:15:07] Состояние очищено.
[2026-05-17 02:15:07] Запуск генератора: интенсивность=high (пауза=2с), ширина=7 дней (с 2026-01-01 по 2026-01-07)
[2026-05-17 02:15:07] Генератор записан во временный файл _gen_runner.py, запуск...
[2026-05-17 02:15:07] Генератор запущен (PID 13218)
[2026-05-17 02:15:07] Пауза 5 секунд для создания начальных данных...
[2026-05-17 02:15:12] Запуск потребителей...
[2026-05-17 02:15:12] CDC потребитель запущен (PID 13861), лог: experiments/logs/cdc_consumer.log
[2026-05-17 02:15:12] Batch потребитель запущен (PID 13862), лог: experiments/logs/batch_consumer.log
[2026-05-17 02:15:12] Запуск мониторинга ресурсов (docker stats), вывод в experiments/logs/docker_stats.jsonl
[2026-05-17 02:15:12] Мониторинг запущен (PID 13863)
[2026-05-17 02:15:12] Эксперимент продлится 1800 секунд...
[2026-05-17 02:45:12] Время эксперимента истекло, остановка процессов...
[2026-05-17 02:45:12] Остановка процесса PID=13218...
[2026-05-17 02:45:12] Процесс PID=13218 остановлен.
[2026-05-17 02:45:12] Остановка процесса PID=13861...
[2026-05-17 02:45:12] Процесс PID=13861 остановлен.
[2026-05-17 02:45:12] Остановка процесса PID=13862...
[2026-05-17 02:45:12] Процесс PID=13862 остановлен.
[2026-05-17 02:45:12] Остановка процесса PID=13863...
[2026-05-17 02:45:12] Процесс PID=13863 остановлен.
[2026-05-17 02:45:12] Все процессы остановлены, временный скрипт удалён.
[2026-05-17 02:45:12] Анализ логов и расчёт метрик...
[2026-05-17 02:45:12] Latency: CDC avg=3.08, batch avg=43.36
[2026-05-17 02:45:12] Throughput: CDC=0, batch=0
[2026-05-17 02:45:12] PG load: CPU avg=0%, IO rw=0
[2026-05-17 02:45:12] Storage: CDC=0 MB, batch=0 MB
[2026-05-17 02:45:12] Расчёт метрик завершён.
[2026-05-17 02:45:12] Сохранение результатов в experiments/results.csv
[2026-05-17 02:45:12] ============================================================
[2026-05-17 02:45:12] Запуск прогона: интенсивность=high, ширина=7 дней, повтор 2
[2026-05-17 02:45:12] Очистка состояния перед прогоном...
[2026-05-17 02:45:12] Удаление топика Kafka 'dbserver1.public.currency_rates'...
[2026-05-17 02:45:14] Удаление checkpoint файлов...
[2026-05-17 02:45:14] Очистка данных в MinIO (бакет iceberg-warehouse)...
[2026-05-17 02:45:14] Состояние очищено.
[2026-05-17 02:45:14] Запуск генератора: интенсивность=high (пауза=2с), ширина=7 дней (с 2026-01-01 по 2026-01-07)
[2026-05-17 02:45:14] Генератор записан во временный файл _gen_runner.py, запуск...
[2026-05-17 02:45:14] Генератор запущен (PID 24975)
[2026-05-17 02:45:14] Пауза 5 секунд для создания начальных данных...
[2026-05-17 02:45:19] Запуск потребителей...
[2026-05-17 02:45:19] CDC потребитель запущен (PID 24982), лог: experiments/logs/cdc_consumer.log
[2026-05-17 02:45:19] Batch потребитель запущен (PID 24983), лог: experiments/logs/batch_consumer.log
[2026-05-17 02:45:19] Запуск мониторинга ресурсов (docker stats), вывод в experiments/logs/docker_stats.jsonl
[2026-05-17 02:45:19] Мониторинг запущен (PID 24984)
[2026-05-17 02:45:19] Эксперимент продлится 1800 секунд...
[2026-05-17 03:15:19] Время эксперимента истекло, остановка процессов...
[2026-05-17 03:15:19] Остановка процесса PID=24975...
[2026-05-17 03:15:19] Процесс PID=24975 остановлен.
[2026-05-17 03:15:19] Остановка процесса PID=24982...
[2026-05-17 03:15:19] Процесс PID=24982 остановлен.
[2026-05-17 03:15:19] Остановка процесса PID=24983...
[2026-05-17 03:15:19] Процесс PID=24983 остановлен.
[2026-05-17 03:15:19] Остановка процесса PID=24984...
[2026-05-17 03:15:19] Процесс PID=24984 остановлен.
[2026-05-17 03:15:19] Все процессы остановлены, временный скрипт удалён.
[2026-05-17 03:15:19] Анализ логов и расчёт метрик...
[2026-05-17 03:15:19] Latency: CDC avg=2.53, batch avg=35.45
[2026-05-17 03:15:19] Throughput: CDC=0, batch=0
[2026-05-17 03:15:19] PG load: CPU avg=0%, IO rw=0
[2026-05-17 03:15:19] Storage: CDC=0 MB, batch=0 MB
[2026-05-17 03:15:19] Расчёт метрик завершён.
[2026-05-17 03:15:19] Сохранение результатов в experiments/results.csv
[2026-05-17 03:15:19] ============================================================
[2026-05-17 03:15:19] Запуск прогона: интенсивность=high, ширина=7 дней, повтор 3
[2026-05-17 03:15:19] Очистка состояния перед прогоном...
[2026-05-17 03:15:19] Удаление топика Kafka 'dbserver1.public.currency_rates'...
[2026-05-17 03:15:20] Удаление checkpoint файлов...
[2026-05-17 03:15:20] Очистка данных в MinIO (бакет iceberg-warehouse)...
[2026-05-17 03:15:20] Состояние очищено.
[2026-05-17 03:15:20] Запуск генератора: интенсивность=high (пауза=2с), ширина=7 дней (с 2026-01-01 по 2026-01-07)
[2026-05-17 03:15:20] Генератор записан во временный файл _gen_runner.py, запуск...
[2026-05-17 03:15:20] Генератор запущен (PID 24839)
[2026-05-17 03:15:20] Пауза 5 секунд для создания начальных данных...
[2026-05-17 03:15:25] Запуск потребителей...
[2026-05-17 03:15:26] CDC потребитель запущен (PID 25017), лог: experiments/logs/cdc_consumer.log
[2026-05-17 03:15:26] Batch потребитель запущен (PID 25018), лог: experiments/logs/batch_consumer.log
[2026-05-17 03:15:26] Запуск мониторинга ресурсов (docker stats), вывод в experiments/logs/docker_stats.jsonl
[2026-05-17 03:15:26] Мониторинг запущен (PID 25019)
[2026-05-17 03:15:26] Эксперимент продлится 1800 секунд...
[2026-05-17 03:45:25] Время эксперимента истекло, остановка процессов...
[2026-05-17 03:45:25] Остановка процесса PID=24839...
[2026-05-17 03:45:25] Процесс PID=24839 остановлен.
[2026-05-17 03:45:25] Остановка процесса PID=25017...
[2026-05-17 03:45:25] Процесс PID=25017 остановлен.
[2026-05-17 03:45:25] Остановка процесса PID=25018...
[2026-05-17 03:45:25] Процесс PID=25018 остановлен.
[2026-05-17 03:45:25] Остановка процесса PID=25019...
[2026-05-17 03:45:25] Процесс PID=25019 остановлен.
[2026-05-17 03:45:25] Все процессы остановлены, временный скрипт удалён.
[2026-05-17 03:45:25] Анализ логов и расчёт метрик...
[2026-05-17 03:45:25] Latency: CDC avg=2.24, batch avg=44.91
[2026-05-17 03:45:25] Throughput: CDC=0, batch=0
[2026-05-17 03:45:25] PG load: CPU avg=0%, IO rw=0
[2026-05-17 03:45:25] Storage: CDC=0 MB, batch=0 MB
[2026-05-17 03:45:25] Расчёт метрик завершён.
[2026-05-17 03:45:25] Сохранение результатов в experiments/results.csv
[2026-05-17 03:45:25] ============================================================
[2026-05-17 03:45:25] Запуск прогона: интенсивность=high, ширина=30 дней, повтор 1
[2026-05-17 03:45:25] Очистка состояния перед прогоном...
[2026-05-17 03:45:25] Удаление топика Kafka 'dbserver1.public.currency_rates'...
[2026-05-17 03:45:27] Удаление checkpoint файлов...
[2026-05-17 03:45:27] Очистка данных в MinIO (бакет iceberg-warehouse)...
[2026-05-17 03:45:27] Состояние очищено.
[2026-05-17 03:45:27] Запуск генератора: интенсивность=high (пауза=2с), ширина=30 дней (с 2026-01-01 по 2026-01-30)
[2026-05-17 03:45:27] Генератор записан во временный файл _gen_runner.py, запуск...
[2026-05-17 03:45:27] Генератор запущен (PID 11805)
[2026-05-17 03:45:27] Пауза 5 секунд для создания начальных данных...
[2026-05-17 03:45:32] Запуск потребителей...
[2026-05-17 03:45:32] CDC потребитель запущен (PID 12238), лог: experiments/logs/cdc_consumer.log
[2026-05-17 03:45:32] Batch потребитель запущен (PID 12239), лог: experiments/logs/batch_consumer.log
[2026-05-17 03:45:32] Запуск мониторинга ресурсов (docker stats), вывод в experiments/logs/docker_stats.jsonl
[2026-05-17 03:45:32] Мониторинг запущен (PID 12240)
[2026-05-17 03:45:32] Эксперимент продлится 1800 секунд...
[2026-05-17 04:15:32] Время эксперимента истекло, остановка процессов...
[2026-05-17 04:15:32] Остановка процесса PID=11805...
[2026-05-17 04:15:32] Процесс PID=11805 остановлен.
[2026-05-17 04:15:32] Остановка процесса PID=12238...
[2026-05-17 04:15:32] Процесс PID=12238 остановлен.
[2026-05-17 04:15:32] Остановка процесса PID=12239...
[2026-05-17 04:15:32] Процесс PID=12239 остановлен.
[2026-05-17 04:15:32] Остановка процесса PID=12240...
[2026-05-17 04:15:32] Процесс PID=12240 остановлен.
[2026-05-17 04:15:32] Все процессы остановлены, временный скрипт удалён.
[2026-05-17 04:15:32] Анализ логов и расчёт метрик...
[2026-05-17 04:15:32] Latency: CDC avg=2.93, batch avg=41.64
[2026-05-17 04:15:32] Throughput: CDC=0, batch=0
[2026-05-17 04:15:32] PG load: CPU avg=0%, IO rw=0
[2026-05-17 04:15:32] Storage: CDC=0 MB, batch=0 MB
[2026-05-17 04:15:32] Расчёт метрик завершён.
[2026-05-17 04:15:32] Сохранение результатов в experiments/results.csv
[2026-05-17 04:15:32] ============================================================
[2026-05-17 04:15:32] Запуск прогона: интенсивность=high, ширина=30 дней, повтор 2
[2026-05-17 04:15:32] Очистка состояния перед прогоном...
[2026-05-17 04:15:32] Удаление топика Kafka 'dbserver1.public.currency_rates'...
[2026-05-17 04:15:33] Удаление checkpoint файлов...
[2026-05-17 04:15:33] Очистка данных в MinIO (бакет iceberg-warehouse)...
[2026-05-17 04:15:33] Состояние очищено.
[2026-05-17 04:15:33] Запуск генератора: интенсивность=high (пауза=2с), ширина=30 дней (с 2026-01-01 по 2026-01-30)
[2026-05-17 04:15:33] Генератор записан во временный файл _gen_runner.py, запуск...
[2026-05-17 04:15:33] Генератор запущен (PID 97335)
[2026-05-17 04:15:33] Пауза 5 секунд для создания начальных данных...
[2026-05-17 04:15:38] Запуск потребителей...
[2026-05-17 04:15:38] CDC потребитель запущен (PID 97349), лог: experiments/logs/cdc_consumer.log
[2026-05-17 04:15:38] Batch потребитель запущен (PID 97350), лог: experiments/logs/batch_consumer.log
[2026-05-17 04:15:38] Запуск мониторинга ресурсов (docker stats), вывод в experiments/logs/docker_stats.jsonl
[2026-05-17 04:15:38] Мониторинг запущен (PID 97351)
[2026-05-17 04:15:38] Эксперимент продлится 1800 секунд...
[2026-05-17 04:45:38] Время эксперимента истекло, остановка процессов...
[2026-05-17 04:45:38] Остановка процесса PID=97335...
[2026-05-17 04:45:38] Процесс PID=97335 остановлен.
[2026-05-17 04:45:38] Остановка процесса PID=97349...
[2026-05-17 04:45:38] Процесс PID=97349 остановлен.
[2026-05-17 04:45:38] Остановка процесса PID=97350...
[2026-05-17 04:45:38] Процесс PID=97350 остановлен.
[2026-05-17 04:45:38] Остановка процесса PID=97351...
[2026-05-17 04:45:38] Процесс PID=97351 остановлен.
[2026-05-17 04:45:38] Все процессы остановлены, временный скрипт удалён.
[2026-05-17 04:45:38] Анализ логов и расчёт метрик...
[2026-05-17 04:45:38] Latency: CDC avg=2.48, batch avg=44.47
[2026-05-17 04:45:38] Throughput: CDC=0, batch=0
[2026-05-17 04:45:38] PG load: CPU avg=0%, IO rw=0
[2026-05-17 04:45:38] Storage: CDC=0 MB, batch=0 MB
[2026-05-17 04:45:38] Расчёт метрик завершён.
[2026-05-17 04:45:38] Сохранение результатов в experiments/results.csv
[2026-05-17 04:45:38] ============================================================
[2026-05-17 04:45:38] Запуск прогона: интенсивность=high, ширина=30 дней, повтор 3
[2026-05-17 04:45:38] Очистка состояния перед прогоном...
[2026-05-17 04:45:38] Удаление топика Kafka 'dbserver1.public.currency_rates'...
[2026-05-17 04:45:39] Удаление checkpoint файлов...
[2026-05-17 04:45:39] Очистка данных в MinIO (бакет iceberg-warehouse)...
[2026-05-17 04:45:40] Состояние очищено.
[2026-05-17 04:45:40] Запуск генератора: интенсивность=high (пауза=2с), ширина=30 дней (с 2026-01-01 по 2026-01-30)
[2026-05-17 04:45:40] Генератор записан во временный файл _gen_runner.py, запуск...
[2026-05-17 04:45:40] Генератор запущен (PID 87859)
[2026-05-17 04:45:40] Пауза 5 секунд для создания начальных данных...
[2026-05-17 04:45:45] Запуск потребителей...
[2026-05-17 04:45:45] CDC потребитель запущен (PID 88297), лог: experiments/logs/cdc_consumer.log
[2026-05-17 04:45:45] Batch потребитель запущен (PID 88298), лог: experiments/logs/batch_consumer.log
[2026-05-17 04:45:45] Запуск мониторинга ресурсов (docker stats), вывод в experiments/logs/docker_stats.jsonl
[2026-05-17 04:45:45] Мониторинг запущен (PID 88299)
[2026-05-17 04:45:45] Эксперимент продлится 1800 секунд...
[2026-05-17 05:15:44] Время эксперимента истекло, остановка процессов...
[2026-05-17 05:15:44] Остановка процесса PID=87859...
[2026-05-17 05:15:44] Процесс PID=87859 остановлен.
[2026-05-17 05:15:44] Остановка процесса PID=88297...
[2026-05-17 05:15:44] Процесс PID=88297 остановлен.
[2026-05-17 05:15:44] Остановка процесса PID=88298...
[2026-05-17 05:15:44] Процесс PID=88298 остановлен.
[2026-05-17 05:15:44] Остановка процесса PID=88299...
[2026-05-17 05:15:44] Процесс PID=88299 остановлен.
[2026-05-17 05:15:44] Все процессы остановлены, временный скрипт удалён.
[2026-05-17 05:15:44] Анализ логов и расчёт метрик...
[2026-05-17 05:15:44] Latency: CDC avg=3.23, batch avg=28.33
[2026-05-17 05:15:44] Throughput: CDC=0, batch=0
[2026-05-17 05:15:44] PG load: CPU avg=0%, IO rw=0
[2026-05-17 05:15:44] Storage: CDC=0 MB, batch=0 MB
[2026-05-17 05:15:44] Расчёт метрик завершён.
[2026-05-17 05:15:44] Сохранение результатов в experiments/results.csv
[2026-05-17 05:15:44] ============================================================
[2026-05-17 05:15:44] Запуск прогона: интенсивность=high, ширина=90 дней, повтор 1
[2026-05-17 05:15:44] Очистка состояния перед прогоном...
[2026-05-17 05:15:44] Удаление топика Kafka 'dbserver1.public.currency_rates'...
[2026-05-17 05:15:46] Удаление checkpoint файлов...
[2026-05-17 05:15:46] Очистка данных в MinIO (бакет iceberg-warehouse)...
[2026-05-17 05:15:46] Состояние очищено.
[2026-05-17 05:15:46] Запуск генератора: интенсивность=high (пауза=2с), ширина=90 дней (с 2026-01-01 по 2026-03-31)
[2026-05-17 05:15:46] Генератор записан во временный файл _gen_runner.py, запуск...
[2026-05-17 05:15:46] Генератор запущен (PID 75355)
[2026-05-17 05:15:46] Пауза 5 секунд для создания начальных данных...
[2026-05-17 05:15:51] Запуск потребителей...
[2026-05-17 05:15:51] CDC потребитель запущен (PID 75796), лог: experiments/logs/cdc_consumer.log
[2026-05-17 05:15:51] Batch потребитель запущен (PID 75797), лог: experiments/logs/batch_consumer.log
[2026-05-17 05:15:51] Запуск мониторинга ресурсов (docker stats), вывод в experiments/logs/docker_stats.jsonl
[2026-05-17 05:15:51] Мониторинг запущен (PID 75798)
[2026-05-17 05:15:51] Эксперимент продлится 1800 секунд...
[2026-05-17 05:45:51] Время эксперимента истекло, остановка процессов...
[2026-05-17 05:45:51] Остановка процесса PID=75355...
[2026-05-17 05:45:51] Процесс PID=75355 остановлен.
[2026-05-17 05:45:51] Остановка процесса PID=75796...
[2026-05-17 05:45:51] Процесс PID=75796 остановлен.
[2026-05-17 05:45:51] Остановка процесса PID=75797...
[2026-05-17 05:45:51] Процесс PID=75797 остановлен.
[2026-05-17 05:45:51] Остановка процесса PID=75798...
[2026-05-17 05:45:51] Процесс PID=75798 остановлен.
[2026-05-17 05:45:51] Все процессы остановлены, временный скрипт удалён.
[2026-05-17 05:45:51] Анализ логов и расчёт метрик...
[2026-05-17 05:45:51] Latency: CDC avg=3.11, batch avg=35.25
[2026-05-17 05:45:51] Throughput: CDC=0, batch=0
[2026-05-17 05:45:51] PG load: CPU avg=0%, IO rw=0
[2026-05-17 05:45:51] Storage: CDC=0 MB, batch=0 MB
[2026-05-17 05:45:51] Расчёт метрик завершён.
[2026-05-17 05:45:51] Сохранение результатов в experiments/results.csv
[2026-05-17 05:45:51] ============================================================
[2026-05-17 05:45:51] Запуск прогона: интенсивность=high, ширина=90 дней, повтор 2
[2026-05-17 05:45:51] Очистка состояния перед прогоном...
[2026-05-17 05:45:51] Удаление топика Kafka 'dbserver1.public.currency_rates'...
[2026-05-17 05:45:52] Удаление checkpoint файлов...
[2026-05-17 05:45:52] Очистка данных в MinIO (бакет iceberg-warehouse)...
[2026-05-17 05:45:52] Состояние очищено.
[2026-05-17 05:45:52] Запуск генератора: интенсивность=high (пауза=2с), ширина=90 дней (с 2026-01-01 по 2026-03-31)
[2026-05-17 05:45:52] Генератор записан во временный файл _gen_runner.py, запуск...
[2026-05-17 05:45:52] Генератор запущен (PID 57010)
[2026-05-17 05:45:52] Пауза 5 секунд для создания начальных данных...
[2026-05-17 05:45:57] Запуск потребителей...
[2026-05-17 05:45:57] CDC потребитель запущен (PID 57015), лог: experiments/logs/cdc_consumer.log
[2026-05-17 05:45:57] Batch потребитель запущен (PID 57016), лог: experiments/logs/batch_consumer.log
[2026-05-17 05:45:57] Запуск мониторинга ресурсов (docker stats), вывод в experiments/logs/docker_stats.jsonl
[2026-05-17 05:45:57] Мониторинг запущен (PID 57017)
[2026-05-17 05:45:57] Эксперимент продлится 1800 секунд...
[2026-05-17 06:15:57] Время эксперимента истекло, остановка процессов...
[2026-05-17 06:15:57] Остановка процесса PID=57010...
[2026-05-17 06:15:57] Процесс PID=57010 остановлен.
[2026-05-17 06:15:57] Остановка процесса PID=57015...
[2026-05-17 06:15:57] Процесс PID=57015 остановлен.
[2026-05-17 06:15:57] Остановка процесса PID=57016...
[2026-05-17 06:15:57] Процесс PID=57016 остановлен.
[2026-05-17 06:15:57] Остановка процесса PID=57017...
[2026-05-17 06:15:57] Процесс PID=57017 остановлен.
[2026-05-17 06:15:57] Все процессы остановлены, временный скрипт удалён.
[2026-05-17 06:15:57] Анализ логов и расчёт метрик...
[2026-05-17 06:15:57] Latency: CDC avg=2.64, batch avg=32.15
[2026-05-17 06:15:57] Throughput: CDC=0, batch=0
[2026-05-17 06:15:57] PG load: CPU avg=0%, IO rw=0
[2026-05-17 06:15:57] Storage: CDC=0 MB, batch=0 MB
[2026-05-17 06:15:57] Расчёт метрик завершён.
[2026-05-17 06:15:57] Сохранение результатов в experiments/results.csv
[2026-05-17 06:15:57] ============================================================
[2026-05-17 06:15:57] Запуск прогона: интенсивность=high, ширина=90 дней, повтор 3
[2026-05-17 06:15:57] Очистка состояния перед прогоном...
[2026-05-17 06:15:57] Удаление топика Kafka 'dbserver1.public.currency_rates'...
[2026-05-17 06:15:59] Удаление checkpoint файлов...
[2026-05-17 06:15:59] Очистка данных в MinIO (бакет iceberg-warehouse)...
[2026-05-17 06:15:59] Состояние очищено.
[2026-05-17 06:15:59] Запуск генератора: интенсивность=high (пауза=2с), ширина=90 дней (с 2026-01-01 по 2026-03-31)
[2026-05-17 06:15:59] Генератор записан во временный файл _gen_runner.py, запуск...
[2026-05-17 06:15:59] Генератор запущен (PID 49006)
[2026-05-17 06:15:59] Пауза 5 секунд для создания начальных данных...
[2026-05-17 06:16:04] Запуск потребителей...
[2026-05-17 06:16:04] CDC потребитель запущен (PID 49456), лог: experiments/logs/cdc_consumer.log
[2026-05-17 06:16:04] Batch потребитель запущен (PID 49457), лог: experiments/logs/batch_consumer.log
[2026-05-17 06:16:04] Запуск мониторинга ресурсов (docker stats), вывод в experiments/logs/docker_stats.jsonl
[2026-05-17 06:16:04] Мониторинг запущен (PID 49458)
[2026-05-17 06:16:04] Эксперимент продлится 1800 секунд...
[2026-05-17 06:46:04] Время эксперимента истекло, остановка процессов...
[2026-05-17 06:46:04] Остановка процесса PID=49006...
[2026-05-17 06:46:04] Процесс PID=49006 остановлен.
[2026-05-17 06:46:04] Остановка процесса PID=49456...
[2026-05-17 06:46:04] Процесс PID=49456 остановлен.
[2026-05-17 06:46:04] Остановка процесса PID=49457...
[2026-05-17 06:46:04] Процесс PID=49457 остановлен.
[2026-05-17 06:46:04] Остановка процесса PID=49458...
[2026-05-17 06:46:04] Процесс PID=49458 остановлен.
[2026-05-17 06:46:04] Все процессы остановлены, временный скрипт удалён.
[2026-05-17 06:46:04] Анализ логов и расчёт метрик...
[2026-05-17 06:46:04] Latency: CDC avg=2.62, batch avg=43.65
[2026-05-17 06:46:04] Throughput: CDC=0, batch=0
[2026-05-17 06:46:04] PG load: CPU avg=0%, IO rw=0
[2026-05-17 06:46:04] Storage: CDC=0 MB, batch=0 MB
[2026-05-17 06:46:04] Расчёт метрик завершён.
[2026-05-17 06:46:04] Сохранение результатов в experiments/results.csv
[2026-05-17 06:46:04] Остановка инфраструктуры...
[2026-05-17 06:46:04] Инфраструктура остановлена (команда закомментирована).
[2026-05-17 06:46:04] === Все эксперименты завершены ===
